<?xml version="1.0" encoding="UTF-8"?>
<testsuite xmlns:xsi="http://www.w3.org/2001/XMLSchema-instance" xsi:noNamespaceSchemaLocation="https://maven.apache.org/surefire/maven-surefire-plugin/xsd/surefire-test-report-3.0.xsd" version="3.0" name="com.password.password.PasswordGeneratorTests" time="0.146" tests="7" errors="0" skipped="0" failures="1">
  <properties>
[...]
</properties>
  <testcase name="shouldThrowErrorWhenLengthIsZero" classname="com.password.password.PasswordGeneratorTests" time="0.049"/>
  <testcase name="shouldGeneratePasswordWithSpecialChars" classname="com.password.password.PasswordGeneratorTests" time="0.0"/>
  <testcase name="shouldGeneratePasswordWithLowercase" classname="com.password.password.PasswordGeneratorTests" time="0.001"/>
  <testcase name="shouldGeneratePasswordWithNumbers" classname="com.password.password.PasswordGeneratorTests" time="0.0"/>
  <testcase name="shouldGeneratePasswordWithUppercase" classname="com.password.password.PasswordGeneratorTests" time="0.008"/>
  <testcase name="shouldThrowErrorWhenNoCriteriaAreSelected" classname="com.password.password.PasswordGeneratorTests" time="0.0"/>
  <testcase name="shouldGeneratePasswordWithAllCriteria" classname="com.password.password.PasswordGeneratorTests" time="0.016">
    <failure message="expected: &lt;true&gt; but was: &lt;false&gt;" type="org.opentest4j.AssertionFailedError"><![CDATA[org.opentest4j.AssertionFailedError: expected: <true> but was: <false>
	at org.junit.jupiter.api.AssertionFailureBuilder.build(AssertionFailureBuilder.java:151)
	at org.junit.jupiter.api.AssertionFailureBuilder.buildAndThrow(AssertionFailureBuilder.java:132)
	at org.junit.jupiter.api.AssertTrue.failNotTrue(AssertTrue.java:63)
	at org.junit.jupiter.api.AssertTrue.assertTrue(AssertTrue.java:36)
	at org.junit.jupiter.api.AssertTrue.assertTrue(AssertTrue.java:31)
	at org.junit.jupiter.api.Assertions.assertTrue(Assertions.java:183)
	at com.password.password.PasswordGeneratorTests.shouldGeneratePasswordWithAllCriteria(PasswordApplicationTests.java:58)
	at java.base/java.lang.reflect.Method.invoke(Method.java:580)
	at java.base/java.util.ArrayList.forEach(ArrayList.java:1597)
	at java.base/java.util.ArrayList.forEach(ArrayList.java:1597)
]]></failure>
  </testcase>
</testsuite>